#
# There is insufficient memory for the Java Runtime Environment to continue.
# Native memory allocation (malloc) failed to allocate 32744 bytes for ChunkPool::allocate
# Possible reasons:
#   The system is out of physical RAM or swap space
#   The process is running with CompressedOops enabled, and the Java Heap may be blocking the growth of the native heap
# Possible solutions:
#   Reduce memory load on the system
#   Increase physical memory or swap space
#   Check if swap backing store is full
#   Decrease Java heap size (-Xmx/-Xms)
#   Decrease number of Java threads
#   Decrease Java thread stack sizes (-Xss)
#   Set larger code cache with -XX:ReservedCodeCacheSize=
#   JVM is running with Zero Based Compressed Oops mode in which the Java heap is
#     placed in the first 32GB address space. The Java Heap base address is the
#     maximum limit for the native heap growth. Please use -XX:HeapBaseMinAddress
#     to set the Java Heap base and to place the Java Heap above 32GB virtual address.
# This output file may be truncated or incomplete.
#
#  Out of Memory Error (./src/hotspot/share/memory/arena.cpp:81), pid=22204, tid=15252
#
# JRE version: OpenJDK Runtime Environment Corretto-11.0.15.9.1 (11.0.15+9) (build 11.0.15+9-LTS)
# Java VM: OpenJDK 64-Bit Server VM Corretto-11.0.15.9.1 (11.0.15+9-LTS, mixed mode, tiered, compressed oops, g1 gc, windows-amd64)
# No core dump will be written. Minidumps are not enabled by default on client versions of Windows
#

---------------  S U M M A R Y ------------

Command Line: -XX:TieredStopAtLevel=1 -Xverify:none -Dspring.output.ansi.enabled=always -Dcom.sun.management.jmxremote -Dspring.jmx.enabled=true -Dspring.liveBeansView.mbeanDomain -Dspring.application.admin.enabled=true -javaagent:C:\Users\byte\Downloads\ideaIU-2022.1.1.win\lib\idea_rt.jar=58314:C:\Users\byte\Downloads\ideaIU-2022.1.1.win\bin -Dfile.encoding=UTF-8 com.example.hexagonuserarch.HexagonUserArchApplication

Host: Intel(R) Core(TM) i7-7700HQ CPU @ 2.80GHz, 8 cores, 15G,  Windows 10 , 64 bit Build 19041 (10.0.19041.1889)
Time: Thu Aug 18 23:58:29 2022 Arabic Standard Time elapsed time: 43.574527 seconds (0d 0h 0m 43s)

---------------  T H R E A D  ---------------

Current thread (0x000001520b906000):  JavaThread "main" [_thread_in_vm, id=15252, stack(0x0000000e31400000,0x0000000e31500000)]

Stack: [0x0000000e31400000,0x0000000e31500000]
Native frames: (J=compiled Java code, j=interpreted, Vv=VM code, C=native code)
V  [jvm.dll+0x61e7ba]
V  [jvm.dll+0x7ab749]
V  [jvm.dll+0x7ace38]
V  [jvm.dll+0x7ad513]
V  [jvm.dll+0x24f968]
V  [jvm.dll+0xc288b]
V  [jvm.dll+0xc2bec]
V  [jvm.dll+0x67c175]
V  [jvm.dll+0x67d344]
V  [jvm.dll+0x3657c2]
V  [jvm.dll+0x3649aa]
V  [jvm.dll+0x364948]
V  [jvm.dll+0x372bf2]
C  0x000001521407df29

Java frames: (J=compiled Java code, j=interpreted, Vv=VM code)
j  org.hibernate.resource.beans.spi.ManagedBeanRegistryInitiator.initiateService(Ljava/util/Map;Lorg/hibernate/service/spi/ServiceRegistryImplementor;)Lorg/hibernate/resource/beans/spi/ManagedBeanRegistry;+0
j  org.hibernate.resource.beans.spi.ManagedBeanRegistryInitiator.initiateService(Ljava/util/Map;Lorg/hibernate/service/spi/ServiceRegistryImplementor;)Lorg/hibernate/service/Service;+3
j  org.hibernate.boot.registry.internal.StandardServiceRegistryImpl.initiateService(Lorg/hibernate/service/spi/ServiceInitiator;)Lorg/hibernate/service/Service;+9
j  org.hibernate.service.internal.AbstractServiceRegistryImpl.createService(Lorg/hibernate/service/spi/ServiceBinding;)Lorg/hibernate/service/Service;+26
j  org.hibernate.service.internal.AbstractServiceRegistryImpl.initializeService(Lorg/hibernate/service/spi/ServiceBinding;)Lorg/hibernate/service/Service;+30
j  org.hibernate.service.internal.AbstractServiceRegistryImpl.getService(Ljava/lang/Class;)Lorg/hibernate/service/Service;+88
j  org.hibernate.id.factory.internal.DefaultIdentifierGeneratorFactory.injectServices(Lorg/hibernate/service/spi/ServiceRegistryImplementor;)V+48
j  org.hibernate.service.internal.AbstractServiceRegistryImpl.injectDependencies(Lorg/hibernate/service/spi/ServiceBinding;)V+24
j  org.hibernate.service.internal.AbstractServiceRegistryImpl.initializeService(Lorg/hibernate/service/spi/ServiceBinding;)Lorg/hibernate/service/Service;+45
j  org.hibernate.service.internal.AbstractServiceRegistryImpl.getService(Ljava/lang/Class;)Lorg/hibernate/service/Service;+88
j  org.hibernate.boot.internal.InFlightMetadataCollectorImpl.<init>(Lorg/hibernate/boot/spi/BootstrapContext;Lorg/hibernate/boot/spi/MetadataBuildingOptions;)V+277
j  org.hibernate.boot.model.process.spi.MetadataBuildingProcess.complete(Lorg/hibernate/boot/model/process/spi/ManagedResources;Lorg/hibernate/boot/spi/BootstrapContext;Lorg/hibernate/boot/spi/MetadataBuildingOptions;)Lorg/hibernate/boot/spi/MetadataImplementor;+6
j  org.hibernate.jpa.boot.internal.EntityManagerFactoryBuilderImpl.metadata()Lorg/hibernate/boot/spi/MetadataImplementor;+30
j  org.hibernate.jpa.boot.internal.EntityManagerFactoryBuilderImpl.build()Ljavax/persistence/EntityManagerFactory;+3
j  org.springframework.orm.jpa.vendor.SpringHibernateJpaPersistenceProvider.createContainerEntityManagerFactory(Ljavax/persistence/spi/PersistenceUnitInfo;Ljava/util/Map;)Ljavax/persistence/EntityManagerFactory;+55
j  org.springframework.orm.jpa.LocalContainerEntityManagerFactoryBean.createNativeEntityManagerFactory()Ljavax/persistence/EntityManagerFactory;+129
j  org.springframework.orm.jpa.AbstractEntityManagerFactoryBean.buildNativeEntityManagerFactory()Ljavax/persistence/EntityManagerFactory;+1
j  org.springframework.orm.jpa.AbstractEntityManagerFactoryBean.afterPropertiesSet()V+192
j  org.springframework.orm.jpa.LocalContainerEntityManagerFactoryBean.afterPropertiesSet()V+77
j  org.springframework.beans.factory.support.AbstractAutowireCapableBeanFactory.invokeInitMethods(Ljava/lang/String;Ljava/lang/Object;Lorg/springframework/beans/factory/support/RootBeanDefinition;)V+106
j  org.springframework.beans.factory.support.AbstractAutowireCapableBeanFactory.initializeBean(Ljava/lang/String;Ljava/lang/Object;Lorg/springframework/beans/factory/support/RootBeanDefinition;)Ljava/lang/Object;+59
j  org.springframework.beans.factory.support.AbstractAutowireCapableBeanFactory.doCreateBean(Ljava/lang/String;Lorg/springframework/beans/factory/support/RootBeanDefinition;[Ljava/lang/Object;)Ljava/lang/Object;+245
j  org.springframework.beans.factory.support.AbstractAutowireCapableBeanFactory.createBean(Ljava/lang/String;Lorg/springframework/beans/factory/support/RootBeanDefinition;[Ljava/lang/Object;)Ljava/lang/Object;+169
j  org.springframework.beans.factory.support.AbstractBeanFactory.lambda$doGetBean$0(Ljava/lang/String;Lorg/springframework/beans/factory/support/RootBeanDefinition;[Ljava/lang/Object;)Ljava/lang/Object;+4
j  org.springframework.beans.factory.support.AbstractBeanFactory$$Lambda$315.getObject()Ljava/lang/Object;+16
j  org.springframework.beans.factory.support.DefaultSingletonBeanRegistry.getSingleton(Ljava/lang/String;Lorg/springframework/beans/factory/ObjectFactory;)Ljava/lang/Object;+132
J 2949 c1 org.springframework.beans.factory.support.AbstractBeanFactory.doGetBean(Ljava/lang/String;Ljava/lang/Class;[Ljava/lang/Object;Z)Ljava/lang/Object; (832 bytes) @ 0x0000015214c100ec [0x0000015214c0fa60+0x000000000000068c]
j  org.springframework.beans.factory.support.AbstractBeanFactory.getBean(Ljava/lang/String;)Ljava/lang/Object;+5
j  org.springframework.context.support.AbstractApplicationContext.getBean(Ljava/lang/String;)Ljava/lang/Object;+9
j  org.springframework.context.support.AbstractApplicationContext.finishBeanFactoryInitialization(Lorg/springframework/beans/factory/config/ConfigurableListableBeanFactory;)V+100
j  org.springframework.context.support.AbstractApplicationContext.refresh()V+86
j  org.springframework.boot.web.servlet.context.ServletWebServerApplicationContext.refresh()V+1
j  org.springframework.boot.SpringApplication.refresh(Lorg/springframework/context/ConfigurableApplicationContext;)V+1
j  org.springframework.boot.SpringApplication.refreshContext(Lorg/springframework/context/ConfigurableApplicationContext;)V+16
j  org.springframework.boot.SpringApplication.run([Ljava/lang/String;)Lorg/springframework/context/ConfigurableApplicationContext;+107
j  org.springframework.boot.SpringApplication.run([Ljava/lang/Class;[Ljava/lang/String;)Lorg/springframework/context/ConfigurableApplicationContext;+9
j  org.springframework.boot.SpringApplication.run(Ljava/lang/Class;[Ljava/lang/String;)Lorg/springframework/context/ConfigurableApplicationContext;+9
j  com.example.hexagonuserarch.HexagonUserArchApplication.main([Ljava/lang/String;)V+3
v  ~StubRoutines::call_stub

---------------  P R O C E S S  ---------------

Threads class SMR info:
_java_thread_list=0x000001523057da70, length=22, elements={
0x000001520b906000, 0x000001522f6b4000, 0x000001522f6a8800, 0x000001522ffa8800,
0x000001522ffab000, 0x000001522ffac000, 0x000001522ffb8000, 0x000001522ffe0800,
0x0000015230107800, 0x00000152304f3000, 0x000001523072e800, 0x0000015230731800,
0x000001523055b800, 0x00000152308f9000, 0x0000015231dda800, 0x0000015230974800,
0x0000015230a97800, 0x0000015231fb7800, 0x0000015232089000, 0x0000015232088000,
0x0000015232084000, 0x0000015232083000
}

Java Threads: ( => current thread )
=>0x000001520b906000 JavaThread "main" [_thread_in_vm, id=15252, stack(0x0000000e31400000,0x0000000e31500000)]
  0x000001522f6b4000 JavaThread "Reference Handler" daemon [_thread_blocked, id=15756, stack(0x0000000e31b00000,0x0000000e31c00000)]
  0x000001522f6a8800 JavaThread "Finalizer" daemon [_thread_blocked, id=12488, stack(0x0000000e31c00000,0x0000000e31d00000)]
  0x000001522ffa8800 JavaThread "Signal Dispatcher" daemon [_thread_blocked, id=12128, stack(0x0000000e31d00000,0x0000000e31e00000)]
  0x000001522ffab000 JavaThread "Attach Listener" daemon [_thread_blocked, id=10296, stack(0x0000000e31e00000,0x0000000e31f00000)]
  0x000001522ffac000 JavaThread "Service Thread" daemon [_thread_blocked, id=9156, stack(0x0000000e31f00000,0x0000000e32000000)]
  0x000001522ffb8000 JavaThread "C1 CompilerThread0" daemon [_thread_in_native, id=1912, stack(0x0000000e32000000,0x0000000e32100000)]
  0x000001522ffe0800 JavaThread "Sweeper thread" daemon [_thread_blocked, id=11724, stack(0x0000000e32100000,0x0000000e32200000)]
  0x0000015230107800 JavaThread "Common-Cleaner" daemon [_thread_blocked, id=22036, stack(0x0000000e32200000,0x0000000e32300000)]
  0x00000152304f3000 JavaThread "Monitor Ctrl-Break" daemon [_thread_in_native, id=21984, stack(0x0000000e32300000,0x0000000e32400000)]
  0x000001523072e800 JavaThread "RMI TCP Accept-0" daemon [_thread_in_native, id=2244, stack(0x0000000e32400000,0x0000000e32500000)]
  0x0000015230731800 JavaThread "RMI TCP Connection(idle)" daemon [_thread_blocked, id=18216, stack(0x0000000e32600000,0x0000000e32700000)]
  0x000001523055b800 JavaThread "RMI Scheduler(0)" daemon [_thread_blocked, id=22476, stack(0x0000000e32c00000,0x0000000e32d00000)]
  0x00000152308f9000 JavaThread "RMI TCP Connection(4)-192.168.33.4" daemon [_thread_in_native, id=22808, stack(0x0000000e32d00000,0x0000000e32e00000)]
  0x0000015231dda800 JavaThread "Catalina-utility-1" [_thread_blocked, id=23080, stack(0x0000000e32f00000,0x0000000e33000000)]
  0x0000015230974800 JavaThread "Catalina-utility-2" [_thread_blocked, id=23084, stack(0x0000000e33000000,0x0000000e33100000)]
  0x0000015230a97800 JavaThread "container-0" [_thread_blocked, id=23088, stack(0x0000000e33100000,0x0000000e33200000)]
  0x0000015231fb7800 JavaThread "RMI TCP Connection(6)-192.168.33.4" daemon [_thread_in_native, id=23316, stack(0x0000000e33400000,0x0000000e33500000)]
  0x0000015232089000 JavaThread "RMI TCP Connection(7)-192.168.33.4" daemon [_thread_in_native, id=22756, stack(0x0000000e33600000,0x0000000e33700000)]
  0x0000015232088000 JavaThread "JMX server connection timeout 80" daemon [_thread_blocked, id=22760, stack(0x0000000e33700000,0x0000000e33800000)]
  0x0000015232084000 JavaThread "HikariPool-1 housekeeper" daemon [_thread_blocked, id=23008, stack(0x0000000e33a00000,0x0000000e33b00000)]
  0x0000015232083000 JavaThread "HikariPool-1 connection adder" daemon [_thread_blocked, id=23036, stack(0x0000000e33b00000,0x0000000e33c00000)]

Other Threads:
  0x000001522f69f000 VMThread "VM Thread" [stack: 0x0000000e31a00000,0x0000000e31b00000] [id=2276]
  0x000001523072c000 WatcherThread [stack: 0x0000000e32500000,0x0000000e32600000] [id=21928]
  0x000001520b91f800 GCTaskThread "GC Thread#0" [stack: 0x0000000e31500000,0x0000000e31600000] [id=16624]
  0x0000015231658000 GCTaskThread "GC Thread#1" [stack: 0x0000000e32700000,0x0000000e32800000] [id=13292]
  0x000001523165e800 GCTaskThread "GC Thread#2" [stack: 0x0000000e32800000,0x0000000e32900000] [id=12304]
  0x0000015231659800 GCTaskThread "GC Thread#3" [stack: 0x0000000e32900000,0x0000000e32a00000] [id=18976]
  0x000001523165c000 GCTaskThread "GC Thread#4" [stack: 0x0000000e32a00000,0x0000000e32b00000] [id=22480]
  0x000001523165c800 GCTaskThread "GC Thread#5" [stack: 0x0000000e32b00000,0x0000000e32c00000] [id=22208]
  0x000001523165b000 GCTaskThread "GC Thread#6" [stack: 0x0000000e33200000,0x0000000e33300000] [id=23092]
  0x000001523165f800 GCTaskThread "GC Thread#7" [stack: 0x0000000e33300000,0x0000000e33400000] [id=23096]
  0x000001520b97a000 ConcurrentGCThread "G1 Main Marker" [stack: 0x0000000e31600000,0x0000000e31700000] [id=10584]
  0x000001520b97e800 ConcurrentGCThread "G1 Conc#0" [stack: 0x0000000e31700000,0x0000000e31800000] [id=288]
  0x000001523165a800 ConcurrentGCThread "G1 Conc#1" [stack: 0x0000000e32e00000,0x0000000e32f00000] [id=22432]
  0x000001522f587800 ConcurrentGCThread "G1 Refine#0" [stack: 0x0000000e31800000,0x0000000e31900000] [id=16916]
  0x000001522f588800 ConcurrentGCThread "G1 Young RemSet Sampling" [stack: 0x0000000e31900000,0x0000000e31a00000] [id=16304]

Threads with active compile tasks:
C1 CompilerThread0    43887 3852       1       java.lang.reflect.ProxyGenerator$ProxyMethod::generateMethod (733 bytes)

VM state:synchronizing (normal execution)

VM Mutex/Monitor currently owned by a thread:  ([mutex/lock_event])
[0x000001520b902ae0] Threads_lock - owner thread: 0x000001522f69f000

Heap address: 0x0000000701200000, size: 4078 MB, Compressed Oops mode: Zero based, Oop shift amount: 3
Narrow klass base: 0x0000000800000000, Narrow klass shift: 0
Compressed class space size: 1073741824 Address: 0x0000000800000000

Heap:
 garbage-first heap   total 262144K, used 62609K [0x0000000701200000, 0x0000000800000000)
  region size 1024K, 57 young (58368K), 9 survivors (9216K)
 Metaspace       used 42040K, capacity 43507K, committed 43728K, reserved 1089536K
  class space    used 5332K, capacity 5917K, committed 6016K, reserved 1048576K
Heap Regions: E=young(eden), S=young(survivor), O=old, HS=humongous(starts), HC=humongous(continues), CS=collection set, F=free, A=archive, TAMS=top-at-mark-start (previous, next)
|   0|0x0000000701200000, 0x0000000701300000, 0x0000000701300000|100%|HS|  |TAMS 0x0000000701300000, 0x0000000701200000| Complete 
|   1|0x0000000701300000, 0x0000000701400000, 0x0000000701400000|100%| O|  |TAMS 0x0000000701400000, 0x0000000701300000| Untracked 
|   2|0x0000000701400000, 0x0000000701500000, 0x0000000701500000|100%| O|  |TAMS 0x0000000701500000, 0x0000000701400000| Untracked 
|   3|0x0000000701500000, 0x0000000701600000, 0x0000000701600000|100%| O|  |TAMS 0x0000000701600000, 0x0000000701500000| Untracked 
|   4|0x0000000701600000, 0x0000000701700000, 0x0000000701700000|100%| O|  |TAMS 0x0000000701700000, 0x0000000701600000| Untracked 
|   5|0x0000000701700000, 0x0000000701800000, 0x0000000701800000|100%| O|  |TAMS 0x0000000701800000, 0x0000000701700000| Untracked 
|   6|0x0000000701800000, 0x0000000701900000, 0x0000000701900000|100%| O|  |TAMS 0x0000000701900000, 0x0000000701800000| Untracked 
|   7|0x0000000701900000, 0x000000070190c600, 0x0000000701a00000|  4%| O|  |TAMS 0x000000070190c600, 0x0000000701900000| Untracked 
|   8|0x0000000701a00000, 0x0000000701a00000, 0x0000000701b00000|  0%| F|  |TAMS 0x0000000701a00000, 0x0000000701a00000| Untracked 
|   9|0x0000000701b00000, 0x0000000701b00000, 0x0000000701c00000|  0%| F|  |TAMS 0x0000000701b00000, 0x0000000701b00000| Untracked 
|  10|0x0000000701c00000, 0x0000000701c00000, 0x0000000701d00000|  0%| F|  |TAMS 0x0000000701c00000, 0x0000000701c00000| Untracked 
|  11|0x0000000701d00000, 0x0000000701d00000, 0x0000000701e00000|  0%| F|  |TAMS 0x0000000701d00000, 0x0000000701d00000| Untracked 
|  12|0x0000000701e00000, 0x0000000701e00000, 0x0000000701f00000|  0%| F|  |TAMS 0x0000000701e00000, 0x0000000701e00000| Untracked 
|  13|0x0000000701f00000, 0x0000000701f00000, 0x0000000702000000|  0%| F|  |TAMS 0x0000000701f00000, 0x0000000701f00000| Untracked 
|  14|0x0000000702000000, 0x0000000702000000, 0x0000000702100000|  0%| F|  |TAMS 0x0000000702000000, 0x0000000702000000| Untracked 
|  15|0x0000000702100000, 0x0000000702100000, 0x0000000702200000|  0%| F|  |TAMS 0x0000000702100000, 0x0000000702100000| Untracked 
|  16|0x0000000702200000, 0x0000000702200000, 0x0000000702300000|  0%| F|  |TAMS 0x0000000702200000, 0x0000000702200000| Untracked 
|  17|0x0000000702300000, 0x0000000702300000, 0x0000000702400000|  0%| F|  |TAMS 0x0000000702300000, 0x0000000702300000| Untracked 
|  18|0x0000000702400000, 0x0000000702400000, 0x0000000702500000|  0%| F|  |TAMS 0x0000000702400000, 0x0000000702400000| Untracked 
|  19|0x0000000702500000, 0x0000000702500000, 0x0000000702600000|  0%| F|  |TAMS 0x0000000702500000, 0x0000000702500000| Untracked 
|  20|0x0000000702600000, 0x0000000702600000, 0x0000000702700000|  0%| F|  |TAMS 0x0000000702600000, 0x0000000702600000| Untracked 
|  21|0x0000000702700000, 0x0000000702700000, 0x0000000702800000|  0%| F|  |TAMS 0x0000000702700000, 0x0000000702700000| Untracked 
|  22|0x0000000702800000, 0x0000000702800000, 0x0000000702900000|  0%| F|  |TAMS 0x0000000702800000, 0x0000000702800000| Untracked 
|  23|0x0000000702900000, 0x0000000702900000, 0x0000000702a00000|  0%| F|  |TAMS 0x0000000702900000, 0x0000000702900000| Untracked 
|  24|0x0000000702a00000, 0x0000000702a00000, 0x0000000702b00000|  0%| F|  |TAMS 0x0000000702a00000, 0x0000000702a00000| Untracked 
|  25|0x0000000702b00000, 0x0000000702b00000, 0x0000000702c00000|  0%| F|  |TAMS 0x0000000702b00000, 0x0000000702b00000| Untracked 
|  26|0x0000000702c00000, 0x0000000702c00000, 0x0000000702d00000|  0%| F|  |TAMS 0x0000000702c00000, 0x0000000702c00000| Untracked 
|  27|0x0000000702d00000, 0x0000000702d00000, 0x0000000702e00000|  0%| F|  |TAMS 0x0000000702d00000, 0x0000000702d00000| Untracked 
|  28|0x0000000702e00000, 0x0000000702e00000, 0x0000000702f00000|  0%| F|  |TAMS 0x0000000702e00000, 0x0000000702e00000| Untracked 
|  29|0x0000000702f00000, 0x0000000702f00000, 0x0000000703000000|  0%| F|  |TAMS 0x0000000702f00000, 0x0000000702f00000| Untracked 
|  30|0x0000000703000000, 0x0000000703000000, 0x0000000703100000|  0%| F|  |TAMS 0x0000000703000000, 0x0000000703000000| Untracked 
|  31|0x0000000703100000, 0x0000000703100000, 0x0000000703200000|  0%| F|  |TAMS 0x0000000703100000, 0x0000000703100000| Untracked 
|  32|0x0000000703200000, 0x0000000703200000, 0x0000000703300000|  0%| F|  |TAMS 0x0000000703200000, 0x0000000703200000| Untracked 
|  33|0x0000000703300000, 0x0000000703300000, 0x0000000703400000|  0%| F|  |TAMS 0x0000000703300000, 0x0000000703300000| Untracked 
|  34|0x0000000703400000, 0x0000000703400000, 0x0000000703500000|  0%| F|  |TAMS 0x0000000703400000, 0x0000000703400000| Untracked 
|  35|0x0000000703500000, 0x0000000703500000, 0x0000000703600000|  0%| F|  |TAMS 0x0000000703500000, 0x0000000703500000| Untracked 
|  36|0x0000000703600000, 0x0000000703600000, 0x0000000703700000|  0%| F|  |TAMS 0x0000000703600000, 0x0000000703600000| Untracked 
|  37|0x0000000703700000, 0x0000000703700000, 0x0000000703800000|  0%| F|  |TAMS 0x0000000703700000, 0x0000000703700000| Untracked 
|  38|0x0000000703800000, 0x0000000703800000, 0x0000000703900000|  0%| F|  |TAMS 0x0000000703800000, 0x0000000703800000| Untracked 
|  39|0x0000000703900000, 0x0000000703900000, 0x0000000703a00000|  0%| F|  |TAMS 0x0000000703900000, 0x0000000703900000| Untracked 
|  40|0x0000000703a00000, 0x0000000703a00000, 0x0000000703b00000|  0%| F|  |TAMS 0x0000000703a00000, 0x0000000703a00000| Untracked 
|  41|0x0000000703b00000, 0x0000000703b00000, 0x0000000703c00000|  0%| F|  |TAMS 0x0000000703b00000, 0x0000000703b00000| Untracked 
|  42|0x0000000703c00000, 0x0000000703c00000, 0x0000000703d00000|  0%| F|  |TAMS 0x0000000703c00000, 0x0000000703c00000| Untracked 
|  43|0x0000000703d00000, 0x0000000703d00000, 0x0000000703e00000|  0%| F|  |TAMS 0x0000000703d00000, 0x0000000703d00000| Untracked 
|  44|0x0000000703e00000, 0x0000000703e00000, 0x0000000703f00000|  0%| F|  |TAMS 0x0000000703e00000, 0x0000000703e00000| Untracked 
|  45|0x0000000703f00000, 0x0000000703f00000, 0x0000000704000000|  0%| F|  |TAMS 0x0000000703f00000, 0x0000000703f00000| Untracked 
|  46|0x0000000704000000, 0x0000000704000000, 0x0000000704100000|  0%| F|  |TAMS 0x0000000704000000, 0x0000000704000000| Untracked 
|  47|0x0000000704100000, 0x0000000704100000, 0x0000000704200000|  0%| F|  |TAMS 0x0000000704100000, 0x0000000704100000| Untracked 
|  48|0x0000000704200000, 0x0000000704200000, 0x0000000704300000|  0%| F|  |TAMS 0x0000000704200000, 0x0000000704200000| Untracked 
|  49|0x0000000704300000, 0x0000000704300000, 0x0000000704400000|  0%| F|  |TAMS 0x0000000704300000, 0x0000000704300000| Untracked 
|  50|0x0000000704400000, 0x0000000704400000, 0x0000000704500000|  0%| F|  |TAMS 0x0000000704400000, 0x0000000704400000| Untracked 
|  51|0x0000000704500000, 0x0000000704500000, 0x0000000704600000|  0%| F|  |TAMS 0x0000000704500000, 0x0000000704500000| Untracked 
|  52|0x0000000704600000, 0x0000000704600000, 0x0000000704700000|  0%| F|  |TAMS 0x0000000704600000, 0x0000000704600000| Untracked 
|  53|0x0000000704700000, 0x0000000704700000, 0x0000000704800000|  0%| F|  |TAMS 0x0000000704700000, 0x0000000704700000| Untracked 
|  54|0x0000000704800000, 0x0000000704800000, 0x0000000704900000|  0%| F|  |TAMS 0x0000000704800000, 0x0000000704800000| Untracked 
|  55|0x0000000704900000, 0x0000000704900000, 0x0000000704a00000|  0%| F|  |TAMS 0x0000000704900000, 0x0000000704900000| Untracked 
|  56|0x0000000704a00000, 0x0000000704a00000, 0x0000000704b00000|  0%| F|  |TAMS 0x0000000704a00000, 0x0000000704a00000| Untracked 
|  57|0x0000000704b00000, 0x0000000704b00000, 0x0000000704c00000|  0%| F|  |TAMS 0x0000000704b00000, 0x0000000704b00000| Untracked 
|  58|0x0000000704c00000, 0x0000000704c00000, 0x0000000704d00000|  0%| F|  |TAMS 0x0000000704c00000, 0x0000000704c00000| Untracked 
|  59|0x0000000704d00000, 0x0000000704d00000, 0x0000000704e00000|  0%| F|  |TAMS 0x0000000704d00000, 0x0000000704d00000| Untracked 
|  60|0x0000000704e00000, 0x0000000704e00000, 0x0000000704f00000|  0%| F|  |TAMS 0x0000000704e00000, 0x0000000704e00000| Untracked 
|  61|0x0000000704f00000, 0x0000000704f00000, 0x0000000705000000|  0%| F|  |TAMS 0x0000000704f00000, 0x0000000704f00000| Untracked 
|  62|0x0000000705000000, 0x0000000705000000, 0x0000000705100000|  0%| F|  |TAMS 0x0000000705000000, 0x0000000705000000| Untracked 
|  63|0x0000000705100000, 0x0000000705100000, 0x0000000705200000|  0%| F|  |TAMS 0x0000000705100000, 0x0000000705100000| Untracked 
|  64|0x0000000705200000, 0x0000000705200000, 0x0000000705300000|  0%| F|  |TAMS 0x0000000705200000, 0x0000000705200000| Untracked 
|  65|0x0000000705300000, 0x0000000705300000, 0x0000000705400000|  0%| F|  |TAMS 0x0000000705300000, 0x0000000705300000| Untracked 
|  66|0x0000000705400000, 0x0000000705400000, 0x0000000705500000|  0%| F|  |TAMS 0x0000000705400000, 0x0000000705400000| Untracked 
|  67|0x0000000705500000, 0x0000000705500000, 0x0000000705600000|  0%| F|  |TAMS 0x0000000705500000, 0x0000000705500000| Untracked 
|  68|0x0000000705600000, 0x0000000705600000, 0x0000000705700000|  0%| F|  |TAMS 0x0000000705600000, 0x0000000705600000| Untracked 
|  69|0x0000000705700000, 0x0000000705700000, 0x0000000705800000|  0%| F|  |TAMS 0x0000000705700000, 0x0000000705700000| Untracked 
|  70|0x0000000705800000, 0x0000000705800000, 0x0000000705900000|  0%| F|  |TAMS 0x0000000705800000, 0x0000000705800000| Untracked 
|  71|0x0000000705900000, 0x0000000705900000, 0x0000000705a00000|  0%| F|  |TAMS 0x0000000705900000, 0x0000000705900000| Untracked 
|  72|0x0000000705a00000, 0x0000000705a00000, 0x0000000705b00000|  0%| F|  |TAMS 0x0000000705a00000, 0x0000000705a00000| Untracked 
|  73|0x0000000705b00000, 0x0000000705b00000, 0x0000000705c00000|  0%| F|  |TAMS 0x0000000705b00000, 0x0000000705b00000| Untracked 
|  74|0x0000000705c00000, 0x0000000705c00000, 0x0000000705d00000|  0%| F|  |TAMS 0x0000000705c00000, 0x0000000705c00000| Untracked 
|  75|0x0000000705d00000, 0x0000000705d00000, 0x0000000705e00000|  0%| F|  |TAMS 0x0000000705d00000, 0x0000000705d00000| Untracked 
|  76|0x0000000705e00000, 0x0000000705e00000, 0x0000000705f00000|  0%| F|  |TAMS 0x0000000705e00000, 0x0000000705e00000| Untracked 
|  77|0x0000000705f00000, 0x0000000705f00000, 0x0000000706000000|  0%| F|  |TAMS 0x0000000705f00000, 0x0000000705f00000| Untracked 
|  78|0x0000000706000000, 0x0000000706000000, 0x0000000706100000|  0%| F|  |TAMS 0x0000000706000000, 0x0000000706000000| Untracked 
|  79|0x0000000706100000, 0x0000000706100000, 0x0000000706200000|  0%| F|  |TAMS 0x0000000706100000, 0x0000000706100000| Untracked 
|  80|0x0000000706200000, 0x0000000706200000, 0x0000000706300000|  0%| F|  |TAMS 0x0000000706200000, 0x0000000706200000| Untracked 
|  81|0x0000000706300000, 0x0000000706300000, 0x0000000706400000|  0%| F|  |TAMS 0x0000000706300000, 0x0000000706300000| Untracked 
|  82|0x0000000706400000, 0x0000000706400000, 0x0000000706500000|  0%| F|  |TAMS 0x0000000706400000, 0x0000000706400000| Untracked 
|  83|0x0000000706500000, 0x0000000706500000, 0x0000000706600000|  0%| F|  |TAMS 0x0000000706500000, 0x0000000706500000| Untracked 
|  84|0x0000000706600000, 0x0000000706600000, 0x0000000706700000|  0%| F|  |TAMS 0x0000000706600000, 0x0000000706600000| Untracked 
|  85|0x0000000706700000, 0x0000000706700000, 0x0000000706800000|  0%| F|  |TAMS 0x0000000706700000, 0x0000000706700000| Untracked 
|  86|0x0000000706800000, 0x0000000706800000, 0x0000000706900000|  0%| F|  |TAMS 0x0000000706800000, 0x0000000706800000| Untracked 
|  87|0x0000000706900000, 0x0000000706900000, 0x0000000706a00000|  0%| F|  |TAMS 0x0000000706900000, 0x0000000706900000| Untracked 
|  88|0x0000000706a00000, 0x0000000706a00000, 0x0000000706b00000|  0%| F|  |TAMS 0x0000000706a00000, 0x0000000706a00000| Untracked 
|  89|0x0000000706b00000, 0x0000000706b00000, 0x0000000706c00000|  0%| F|  |TAMS 0x0000000706b00000, 0x0000000706b00000| Untracked 
|  90|0x0000000706c00000, 0x0000000706c00000, 0x0000000706d00000|  0%| F|  |TAMS 0x0000000706c00000, 0x0000000706c00000| Untracked 
|  91|0x0000000706d00000, 0x0000000706d00000, 0x0000000706e00000|  0%| F|  |TAMS 0x0000000706d00000, 0x0000000706d00000| Untracked 
|  92|0x0000000706e00000, 0x0000000706e00000, 0x0000000706f00000|  0%| F|  |TAMS 0x0000000706e00000, 0x0000000706e00000| Untracked 
|  93|0x0000000706f00000, 0x0000000706f00000, 0x0000000707000000|  0%| F|  |TAMS 0x0000000706f00000, 0x0000000706f00000| Untracked 
|  94|0x0000000707000000, 0x0000000707000000, 0x0000000707100000|  0%| F|  |TAMS 0x0000000707000000, 0x0000000707000000| Untracked 
|  95|0x0000000707100000, 0x0000000707100000, 0x0000000707200000|  0%| F|  |TAMS 0x0000000707100000, 0x0000000707100000| Untracked 
|  96|0x0000000707200000, 0x0000000707200000, 0x0000000707300000|  0%| F|  |TAMS 0x0000000707200000, 0x0000000707200000| Untracked 
|  97|0x0000000707300000, 0x0000000707300000, 0x0000000707400000|  0%| F|  |TAMS 0x0000000707300000, 0x0000000707300000| Untracked 
|  98|0x0000000707400000, 0x0000000707400000, 0x0000000707500000|  0%| F|  |TAMS 0x0000000707400000, 0x0000000707400000| Untracked 
|  99|0x0000000707500000, 0x0000000707500000, 0x0000000707600000|  0%| F|  |TAMS 0x0000000707500000, 0x0000000707500000| Untracked 
| 100|0x0000000707600000, 0x0000000707600000, 0x0000000707700000|  0%| F|  |TAMS 0x0000000707600000, 0x0000000707600000| Untracked 
| 101|0x0000000707700000, 0x0000000707700000, 0x0000000707800000|  0%| F|  |TAMS 0x0000000707700000, 0x0000000707700000| Untracked 
| 102|0x0000000707800000, 0x0000000707800000, 0x0000000707900000|  0%| F|  |TAMS 0x0000000707800000, 0x0000000707800000| Untracked 
| 103|0x0000000707900000, 0x0000000707900000, 0x0000000707a00000|  0%| F|  |TAMS 0x0000000707900000, 0x0000000707900000| Untracked 
| 104|0x0000000707a00000, 0x0000000707a00000, 0x0000000707b00000|  0%| F|  |TAMS 0x0000000707a00000, 0x0000000707a00000| Untracked 
| 105|0x0000000707b00000, 0x0000000707b00000, 0x0000000707c00000|  0%| F|  |TAMS 0x0000000707b00000, 0x0000000707b00000| Untracked 
| 106|0x0000000707c00000, 0x0000000707c00000, 0x0000000707d00000|  0%| F|  |TAMS 0x0000000707c00000, 0x0000000707c00000| Untracked 
| 107|0x0000000707d00000, 0x0000000707d00000, 0x0000000707e00000|  0%| F|  |TAMS 0x0000000707d00000, 0x0000000707d00000| Untracked 
| 108|0x0000000707e00000, 0x0000000707e00000, 0x0000000707f00000|  0%| F|  |TAMS 0x0000000707e00000, 0x0000000707e00000| Untracked 
| 109|0x0000000707f00000, 0x0000000707f00000, 0x0000000708000000|  0%| F|  |TAMS 0x0000000707f00000, 0x0000000707f00000| Untracked 
| 110|0x0000000708000000, 0x0000000708000000, 0x0000000708100000|  0%| F|  |TAMS 0x0000000708000000, 0x0000000708000000| Untracked 
| 111|0x0000000708100000, 0x0000000708100000, 0x0000000708200000|  0%| F|  |TAMS 0x0000000708100000, 0x0000000708100000| Untracked 
| 112|0x0000000708200000, 0x0000000708200000, 0x0000000708300000|  0%| F|  |TAMS 0x0000000708200000, 0x0000000708200000| Untracked 
| 113|0x0000000708300000, 0x0000000708300000, 0x0000000708400000|  0%| F|  |TAMS 0x0000000708300000, 0x0000000708300000| Untracked 
| 114|0x0000000708400000, 0x0000000708400000, 0x0000000708500000|  0%| F|  |TAMS 0x0000000708400000, 0x0000000708400000| Untracked 
| 115|0x0000000708500000, 0x0000000708500000, 0x0000000708600000|  0%| F|  |TAMS 0x0000000708500000, 0x0000000708500000| Untracked 
| 116|0x0000000708600000, 0x0000000708600000, 0x0000000708700000|  0%| F|  |TAMS 0x0000000708600000, 0x0000000708600000| Untracked 
| 117|0x0000000708700000, 0x0000000708700000, 0x0000000708800000|  0%| F|  |TAMS 0x0000000708700000, 0x0000000708700000| Untracked 
| 118|0x0000000708800000, 0x0000000708800000, 0x0000000708900000|  0%| F|  |TAMS 0x0000000708800000, 0x0000000708800000| Untracked 
| 119|0x0000000708900000, 0x0000000708900000, 0x0000000708a00000|  0%| F|  |TAMS 0x0000000708900000, 0x0000000708900000| Untracked 
| 120|0x0000000708a00000, 0x0000000708a00000, 0x0000000708b00000|  0%| F|  |TAMS 0x0000000708a00000, 0x0000000708a00000| Untracked 
| 121|0x0000000708b00000, 0x0000000708b00000, 0x0000000708c00000|  0%| F|  |TAMS 0x0000000708b00000, 0x0000000708b00000| Untracked 
| 122|0x0000000708c00000, 0x0000000708c00000, 0x0000000708d00000|  0%| F|  |TAMS 0x0000000708c00000, 0x0000000708c00000| Untracked 
| 123|0x0000000708d00000, 0x0000000708d00000, 0x0000000708e00000|  0%| F|  |TAMS 0x0000000708d00000, 0x0000000708d00000| Untracked 
| 124|0x0000000708e00000, 0x0000000708e00000, 0x0000000708f00000|  0%| F|  |TAMS 0x0000000708e00000, 0x0000000708e00000| Untracked 
| 125|0x0000000708f00000, 0x0000000708f00000, 0x0000000709000000|  0%| F|  |TAMS 0x0000000708f00000, 0x0000000708f00000| Untracked 
| 126|0x0000000709000000, 0x0000000709000000, 0x0000000709100000|  0%| F|  |TAMS 0x0000000709000000, 0x0000000709000000| Untracked 
| 127|0x0000000709100000, 0x0000000709100000, 0x0000000709200000|  0%| F|  |TAMS 0x0000000709100000, 0x0000000709100000| Untracked 
| 128|0x0000000709200000, 0x0000000709200000, 0x0000000709300000|  0%| F|  |TAMS 0x0000000709200000, 0x0000000709200000| Untracked 
| 129|0x0000000709300000, 0x0000000709300000, 0x0000000709400000|  0%| F|  |TAMS 0x0000000709300000, 0x0000000709300000| Untracked 
| 130|0x0000000709400000, 0x0000000709400000, 0x0000000709500000|  0%| F|  |TAMS 0x0000000709400000, 0x0000000709400000| Untracked 
| 131|0x0000000709500000, 0x0000000709500000, 0x0000000709600000|  0%| F|  |TAMS 0x0000000709500000, 0x0000000709500000| Untracked 
| 132|0x0000000709600000, 0x0000000709600000, 0x0000000709700000|  0%| F|  |TAMS 0x0000000709600000, 0x0000000709600000| Untracked 
| 133|0x0000000709700000, 0x0000000709700000, 0x0000000709800000|  0%| F|  |TAMS 0x0000000709700000, 0x0000000709700000| Untracked 
| 134|0x0000000709800000, 0x0000000709800000, 0x0000000709900000|  0%| F|  |TAMS 0x0000000709800000, 0x0000000709800000| Untracked 
| 135|0x0000000709900000, 0x0000000709900000, 0x0000000709a00000|  0%| F|  |TAMS 0x0000000709900000, 0x0000000709900000| Untracked 
| 136|0x0000000709a00000, 0x0000000709a00000, 0x0000000709b00000|  0%| F|  |TAMS 0x0000000709a00000, 0x0000000709a00000| Untracked 
| 137|0x0000000709b00000, 0x0000000709b00000, 0x0000000709c00000|  0%| F|  |TAMS 0x0000000709b00000, 0x0000000709b00000| Untracked 
| 138|0x0000000709c00000, 0x0000000709c00000, 0x0000000709d00000|  0%| F|  |TAMS 0x0000000709c00000, 0x0000000709c00000| Untracked 
| 139|0x0000000709d00000, 0x0000000709d00000, 0x0000000709e00000|  0%| F|  |TAMS 0x0000000709d00000, 0x0000000709d00000| Untracked 
| 140|0x0000000709e00000, 0x0000000709e00000, 0x0000000709f00000|  0%| F|  |TAMS 0x0000000709e00000, 0x0000000709e00000| Untracked 
| 141|0x0000000709f00000, 0x0000000709f00000, 0x000000070a000000|  0%| F|  |TAMS 0x0000000709f00000, 0x0000000709f00000| Untracked 
| 142|0x000000070a000000, 0x000000070a000000, 0x000000070a100000|  0%| F|  |TAMS 0x000000070a000000, 0x000000070a000000| Untracked 
| 143|0x000000070a100000, 0x000000070a100000, 0x000000070a200000|  0%| F|  |TAMS 0x000000070a100000, 0x000000070a100000| Untracked 
| 144|0x000000070a200000, 0x000000070a200000, 0x000000070a300000|  0%| F|  |TAMS 0x000000070a200000, 0x000000070a200000| Untracked 
| 145|0x000000070a300000, 0x000000070a300000, 0x000000070a400000|  0%| F|  |TAMS 0x000000070a300000, 0x000000070a300000| Untracked 
| 146|0x000000070a400000, 0x000000070a400000, 0x000000070a500000|  0%| F|  |TAMS 0x000000070a400000, 0x000000070a400000| Untracked 
| 147|0x000000070a500000, 0x000000070a500000, 0x000000070a600000|  0%| F|  |TAMS 0x000000070a500000, 0x000000070a500000| Untracked 
| 148|0x000000070a600000, 0x000000070a600000, 0x000000070a700000|  0%| F|  |TAMS 0x000000070a600000, 0x000000070a600000| Untracked 
| 149|0x000000070a700000, 0x000000070a700000, 0x000000070a800000|  0%| F|  |TAMS 0x000000070a700000, 0x000000070a700000| Untracked 
| 150|0x000000070a800000, 0x000000070a800000, 0x000000070a900000|  0%| F|  |TAMS 0x000000070a800000, 0x000000070a800000| Untracked 
| 151|0x000000070a900000, 0x000000070a900000, 0x000000070aa00000|  0%| F|  |TAMS 0x000000070a900000, 0x000000070a900000| Untracked 
| 152|0x000000070aa00000, 0x000000070aa00000, 0x000000070ab00000|  0%| F|  |TAMS 0x000000070aa00000, 0x000000070aa00000| Untracked 
| 153|0x000000070ab00000, 0x000000070ab00000, 0x000000070ac00000|  0%| F|  |TAMS 0x000000070ab00000, 0x000000070ab00000| Untracked 
| 154|0x000000070ac00000, 0x000000070ac00000, 0x000000070ad00000|  0%| F|  |TAMS 0x000000070ac00000, 0x000000070ac00000| Untracked 
| 155|0x000000070ad00000, 0x000000070ad00000, 0x000000070ae00000|  0%| F|  |TAMS 0x000000070ad00000, 0x000000070ad00000| Untracked 
| 156|0x000000070ae00000, 0x000000070ae00000, 0x000000070af00000|  0%| F|  |TAMS 0x000000070ae00000, 0x000000070ae00000| Untracked 
| 157|0x000000070af00000, 0x000000070af00000, 0x000000070b000000|  0%| F|  |TAMS 0x000000070af00000, 0x000000070af00000| Untracked 
| 158|0x000000070b000000, 0x000000070b000000, 0x000000070b100000|  0%| F|  |TAMS 0x000000070b000000, 0x000000070b000000| Untracked 
| 159|0x000000070b100000, 0x000000070b100000, 0x000000070b200000|  0%| F|  |TAMS 0x000000070b100000, 0x000000070b100000| Untracked 
| 160|0x000000070b200000, 0x000000070b200000, 0x000000070b300000|  0%| F|  |TAMS 0x000000070b200000, 0x000000070b200000| Untracked 
| 161|0x000000070b300000, 0x000000070b300000, 0x000000070b400000|  0%| F|  |TAMS 0x000000070b300000, 0x000000070b300000| Untracked 
| 162|0x000000070b400000, 0x000000070b400000, 0x000000070b500000|  0%| F|  |TAMS 0x000000070b400000, 0x000000070b400000| Untracked 
| 163|0x000000070b500000, 0x000000070b500000, 0x000000070b600000|  0%| F|  |TAMS 0x000000070b500000, 0x000000070b500000| Untracked 
| 164|0x000000070b600000, 0x000000070b600000, 0x000000070b700000|  0%| F|  |TAMS 0x000000070b600000, 0x000000070b600000| Untracked 
| 165|0x000000070b700000, 0x000000070b700000, 0x000000070b800000|  0%| F|  |TAMS 0x000000070b700000, 0x000000070b700000| Untracked 
| 166|0x000000070b800000, 0x000000070b800000, 0x000000070b900000|  0%| F|  |TAMS 0x000000070b800000, 0x000000070b800000| Untracked 
| 167|0x000000070b900000, 0x000000070b900000, 0x000000070ba00000|  0%| F|  |TAMS 0x000000070b900000, 0x000000070b900000| Untracked 
| 168|0x000000070ba00000, 0x000000070ba00000, 0x000000070bb00000|  0%| F|  |TAMS 0x000000070ba00000, 0x000000070ba00000| Untracked 
| 169|0x000000070bb00000, 0x000000070bb00000, 0x000000070bc00000|  0%| F|  |TAMS 0x000000070bb00000, 0x000000070bb00000| Untracked 
| 170|0x000000070bc00000, 0x000000070bc00000, 0x000000070bd00000|  0%| F|  |TAMS 0x000000070bc00000, 0x000000070bc00000| Untracked 
| 171|0x000000070bd00000, 0x000000070bd00000, 0x000000070be00000|  0%| F|  |TAMS 0x000000070bd00000, 0x000000070bd00000| Untracked 
| 172|0x000000070be00000, 0x000000070be00000, 0x000000070bf00000|  0%| F|  |TAMS 0x000000070be00000, 0x000000070be00000| Untracked 
| 173|0x000000070bf00000, 0x000000070bf00000, 0x000000070c000000|  0%| F|  |TAMS 0x000000070bf00000, 0x000000070bf00000| Untracked 
| 174|0x000000070c000000, 0x000000070c000000, 0x000000070c100000|  0%| F|  |TAMS 0x000000070c000000, 0x000000070c000000| Untracked 
| 175|0x000000070c100000, 0x000000070c100000, 0x000000070c200000|  0%| F|  |TAMS 0x000000070c100000, 0x000000070c100000| Untracked 
| 176|0x000000070c200000, 0x000000070c200000, 0x000000070c300000|  0%| F|  |TAMS 0x000000070c200000, 0x000000070c200000| Untracked 
| 177|0x000000070c300000, 0x000000070c300000, 0x000000070c400000|  0%| F|  |TAMS 0x000000070c300000, 0x000000070c300000| Untracked 
| 178|0x000000070c400000, 0x000000070c400000, 0x000000070c500000|  0%| F|  |TAMS 0x000000070c400000, 0x000000070c400000| Untracked 
| 179|0x000000070c500000, 0x000000070c500000, 0x000000070c600000|  0%| F|  |TAMS 0x000000070c500000, 0x000000070c500000| Untracked 
| 180|0x000000070c600000, 0x000000070c600000, 0x000000070c700000|  0%| F|  |TAMS 0x000000070c600000, 0x000000070c600000| Untracked 
| 181|0x000000070c700000, 0x000000070c700000, 0x000000070c800000|  0%| F|  |TAMS 0x000000070c700000, 0x000000070c700000| Untracked 
| 182|0x000000070c800000, 0x000000070c800000, 0x000000070c900000|  0%| F|  |TAMS 0x000000070c800000, 0x000000070c800000| Untracked 
| 183|0x000000070c900000, 0x000000070c900000, 0x000000070ca00000|  0%| F|  |TAMS 0x000000070c900000, 0x000000070c900000| Untracked 
| 184|0x000000070ca00000, 0x000000070ca00000, 0x000000070cb00000|  0%| F|  |TAMS 0x000000070ca00000, 0x000000070ca00000| Untracked 
| 185|0x000000070cb00000, 0x000000070cb00000, 0x000000070cc00000|  0%| F|  |TAMS 0x000000070cb00000, 0x000000070cb00000| Untracked 
| 186|0x000000070cc00000, 0x000000070cc00000, 0x000000070cd00000|  0%| F|  |TAMS 0x000000070cc00000, 0x000000070cc00000| Untracked 
| 187|0x000000070cd00000, 0x000000070cd00000, 0x000000070ce00000|  0%| F|  |TAMS 0x000000070cd00000, 0x000000070cd00000| Untracked 
| 188|0x000000070ce00000, 0x000000070ce00000, 0x000000070cf00000|  0%| F|  |TAMS 0x000000070ce00000, 0x000000070ce00000| Untracked 
| 189|0x000000070cf00000, 0x000000070cf17f58, 0x000000070d000000|  9%| S|CS|TAMS 0x000000070cf00000, 0x000000070cf00000| Complete 
| 190|0x000000070d000000, 0x000000070d100000, 0x000000070d100000|100%| S|CS|TAMS 0x000000070d000000, 0x000000070d000000| Complete 
| 191|0x000000070d100000, 0x000000070d200000, 0x000000070d200000|100%| S|CS|TAMS 0x000000070d100000, 0x000000070d100000| Complete 
| 192|0x000000070d200000, 0x000000070d300000, 0x000000070d300000|100%| S|CS|TAMS 0x000000070d200000, 0x000000070d200000| Complete 
| 193|0x000000070d300000, 0x000000070d400000, 0x000000070d400000|100%| S|CS|TAMS 0x000000070d300000, 0x000000070d300000| Complete 
| 194|0x000000070d400000, 0x000000070d500000, 0x000000070d500000|100%| S|CS|TAMS 0x000000070d400000, 0x000000070d400000| Complete 
| 195|0x000000070d500000, 0x000000070d600000, 0x000000070d600000|100%| S|CS|TAMS 0x000000070d500000, 0x000000070d500000| Complete 
| 196|0x000000070d600000, 0x000000070d700000, 0x000000070d700000|100%| S|CS|TAMS 0x000000070d600000, 0x000000070d600000| Complete 
| 197|0x000000070d700000, 0x000000070d800000, 0x000000070d800000|100%| S|CS|TAMS 0x000000070d700000, 0x000000070d700000| Complete 
| 198|0x000000070d800000, 0x000000070d800000, 0x000000070d900000|  0%| F|  |TAMS 0x000000070d800000, 0x000000070d800000| Untracked 
| 199|0x000000070d900000, 0x000000070d900000, 0x000000070da00000|  0%| F|  |TAMS 0x000000070d900000, 0x000000070d900000| Untracked 
| 200|0x000000070da00000, 0x000000070da00000, 0x000000070db00000|  0%| F|  |TAMS 0x000000070da00000, 0x000000070da00000| Untracked 
| 201|0x000000070db00000, 0x000000070db00000, 0x000000070dc00000|  0%| F|  |TAMS 0x000000070db00000, 0x000000070db00000| Untracked 
| 202|0x000000070dc00000, 0x000000070dc00000, 0x000000070dd00000|  0%| F|  |TAMS 0x000000070dc00000, 0x000000070dc00000| Untracked 
| 203|0x000000070dd00000, 0x000000070dd00000, 0x000000070de00000|  0%| F|  |TAMS 0x000000070dd00000, 0x000000070dd00000| Untracked 
| 204|0x000000070de00000, 0x000000070de00000, 0x000000070df00000|  0%| F|  |TAMS 0x000000070de00000, 0x000000070de00000| Untracked 
| 205|0x000000070df00000, 0x000000070df00000, 0x000000070e000000|  0%| F|  |TAMS 0x000000070df00000, 0x000000070df00000| Untracked 
| 206|0x000000070e000000, 0x000000070e000000, 0x000000070e100000|  0%| F|  |TAMS 0x000000070e000000, 0x000000070e000000| Untracked 
| 207|0x000000070e100000, 0x000000070e100000, 0x000000070e200000|  0%| F|  |TAMS 0x000000070e100000, 0x000000070e100000| Untracked 
| 208|0x000000070e200000, 0x000000070e300000, 0x000000070e300000|100%| E|  |TAMS 0x000000070e200000, 0x000000070e200000| Complete 
| 209|0x000000070e300000, 0x000000070e400000, 0x000000070e400000|100%| E|CS|TAMS 0x000000070e300000, 0x000000070e300000| Complete 
| 210|0x000000070e400000, 0x000000070e500000, 0x000000070e500000|100%| E|CS|TAMS 0x000000070e400000, 0x000000070e400000| Complete 
| 211|0x000000070e500000, 0x000000070e600000, 0x000000070e600000|100%| E|CS|TAMS 0x000000070e500000, 0x000000070e500000| Complete 
| 212|0x000000070e600000, 0x000000070e700000, 0x000000070e700000|100%| E|CS|TAMS 0x000000070e600000, 0x000000070e600000| Complete 
| 213|0x000000070e700000, 0x000000070e800000, 0x000000070e800000|100%| E|CS|TAMS 0x000000070e700000, 0x000000070e700000| Complete 
| 214|0x000000070e800000, 0x000000070e900000, 0x000000070e900000|100%| E|CS|TAMS 0x000000070e800000, 0x000000070e800000| Complete 
| 215|0x000000070e900000, 0x000000070ea00000, 0x000000070ea00000|100%| E|CS|TAMS 0x000000070e900000, 0x000000070e900000| Complete 
| 216|0x000000070ea00000, 0x000000070eb00000, 0x000000070eb00000|100%| E|CS|TAMS 0x000000070ea00000, 0x000000070ea00000| Complete 
| 217|0x000000070eb00000, 0x000000070ec00000, 0x000000070ec00000|100%| E|CS|TAMS 0x000000070eb00000, 0x000000070eb00000| Complete 
| 218|0x000000070ec00000, 0x000000070ed00000, 0x000000070ed00000|100%| E|CS|TAMS 0x000000070ec00000, 0x000000070ec00000| Complete 
| 219|0x000000070ed00000, 0x000000070ee00000, 0x000000070ee00000|100%| E|CS|TAMS 0x000000070ed00000, 0x000000070ed00000| Complete 
| 220|0x000000070ee00000, 0x000000070ef00000, 0x000000070ef00000|100%| E|CS|TAMS 0x000000070ee00000, 0x000000070ee00000| Complete 
| 221|0x000000070ef00000, 0x000000070f000000, 0x000000070f000000|100%| E|CS|TAMS 0x000000070ef00000, 0x000000070ef00000| Complete 
| 222|0x000000070f000000, 0x000000070f100000, 0x000000070f100000|100%| E|CS|TAMS 0x000000070f000000, 0x000000070f000000| Complete 
| 223|0x000000070f100000, 0x000000070f200000, 0x000000070f200000|100%| E|CS|TAMS 0x000000070f100000, 0x000000070f100000| Complete 
| 224|0x000000070f200000, 0x000000070f300000, 0x000000070f300000|100%| E|CS|TAMS 0x000000070f200000, 0x000000070f200000| Complete 
| 225|0x000000070f300000, 0x000000070f400000, 0x000000070f400000|100%| E|CS|TAMS 0x000000070f300000, 0x000000070f300000| Complete 
| 226|0x000000070f400000, 0x000000070f500000, 0x000000070f500000|100%| E|  |TAMS 0x000000070f400000, 0x000000070f400000| Complete 
| 227|0x000000070f500000, 0x000000070f600000, 0x000000070f600000|100%| E|CS|TAMS 0x000000070f500000, 0x000000070f500000| Complete 
| 228|0x000000070f600000, 0x000000070f700000, 0x000000070f700000|100%| E|CS|TAMS 0x000000070f600000, 0x000000070f600000| Complete 
| 229|0x000000070f700000, 0x000000070f800000, 0x000000070f800000|100%| E|CS|TAMS 0x000000070f700000, 0x000000070f700000| Complete 
| 230|0x000000070f800000, 0x000000070f900000, 0x000000070f900000|100%| E|CS|TAMS 0x000000070f800000, 0x000000070f800000| Complete 
| 231|0x000000070f900000, 0x000000070fa00000, 0x000000070fa00000|100%| E|CS|TAMS 0x000000070f900000, 0x000000070f900000| Complete 
| 232|0x000000070fa00000, 0x000000070fb00000, 0x000000070fb00000|100%| E|CS|TAMS 0x000000070fa00000, 0x000000070fa00000| Complete 
| 233|0x000000070fb00000, 0x000000070fc00000, 0x000000070fc00000|100%| E|CS|TAMS 0x000000070fb00000, 0x000000070fb00000| Complete 
| 234|0x000000070fc00000, 0x000000070fd00000, 0x000000070fd00000|100%| E|CS|TAMS 0x000000070fc00000, 0x000000070fc00000| Complete 
| 235|0x000000070fd00000, 0x000000070fe00000, 0x000000070fe00000|100%| E|CS|TAMS 0x000000070fd00000, 0x000000070fd00000| Complete 
| 236|0x000000070fe00000, 0x000000070ff00000, 0x000000070ff00000|100%| E|CS|TAMS 0x000000070fe00000, 0x000000070fe00000| Complete 
| 237|0x000000070ff00000, 0x0000000710000000, 0x0000000710000000|100%| E|CS|TAMS 0x000000070ff00000, 0x000000070ff00000| Complete 
| 238|0x0000000710000000, 0x0000000710100000, 0x0000000710100000|100%| E|CS|TAMS 0x0000000710000000, 0x0000000710000000| Complete 
| 239|0x0000000710100000, 0x0000000710200000, 0x0000000710200000|100%| E|CS|TAMS 0x0000000710100000, 0x0000000710100000| Complete 
| 240|0x0000000710200000, 0x0000000710300000, 0x0000000710300000|100%| E|CS|TAMS 0x0000000710200000, 0x0000000710200000| Complete 
| 241|0x0000000710300000, 0x0000000710400000, 0x0000000710400000|100%| E|CS|TAMS 0x0000000710300000, 0x0000000710300000| Complete 
| 242|0x0000000710400000, 0x0000000710500000, 0x0000000710500000|100%| E|CS|TAMS 0x0000000710400000, 0x0000000710400000| Complete 
| 243|0x0000000710500000, 0x0000000710600000, 0x0000000710600000|100%| E|CS|TAMS 0x0000000710500000, 0x0000000710500000| Complete 
| 244|0x0000000710600000, 0x0000000710700000, 0x0000000710700000|100%| E|CS|TAMS 0x0000000710600000, 0x0000000710600000| Complete 
| 245|0x0000000710700000, 0x0000000710800000, 0x0000000710800000|100%| E|CS|TAMS 0x0000000710700000, 0x0000000710700000| Complete 
| 246|0x0000000710800000, 0x0000000710900000, 0x0000000710900000|100%| E|CS|TAMS 0x0000000710800000, 0x0000000710800000| Complete 
| 247|0x0000000710900000, 0x0000000710a00000, 0x0000000710a00000|100%| E|CS|TAMS 0x0000000710900000, 0x0000000710900000| Complete 
| 248|0x0000000710a00000, 0x0000000710b00000, 0x0000000710b00000|100%| E|CS|TAMS 0x0000000710a00000, 0x0000000710a00000| Complete 
| 249|0x0000000710b00000, 0x0000000710c00000, 0x0000000710c00000|100%| E|CS|TAMS 0x0000000710b00000, 0x0000000710b00000| Complete 
| 250|0x0000000710c00000, 0x0000000710d00000, 0x0000000710d00000|100%| E|CS|TAMS 0x0000000710c00000, 0x0000000710c00000| Complete 
| 251|0x0000000710d00000, 0x0000000710e00000, 0x0000000710e00000|100%| E|CS|TAMS 0x0000000710d00000, 0x0000000710d00000| Complete 
| 252|0x0000000710e00000, 0x0000000710f00000, 0x0000000710f00000|100%| E|CS|TAMS 0x0000000710e00000, 0x0000000710e00000| Complete 
| 253|0x0000000710f00000, 0x0000000711000000, 0x0000000711000000|100%| E|CS|TAMS 0x0000000710f00000, 0x0000000710f00000| Complete 
| 254|0x0000000711000000, 0x0000000711100000, 0x0000000711100000|100%| E|CS|TAMS 0x0000000711000000, 0x0000000711000000| Complete 
| 255|0x0000000711100000, 0x0000000711200000, 0x0000000711200000|100%| E|CS|TAMS 0x0000000711100000, 0x0000000711100000| Complete 

Card table byte_map: [0x0000015223b90000,0x0000015224390000] _byte_map_base: 0x0000015220387000

Marking Bits (Prev, Next): (CMBitMap*) 0x000001520b9697a8, (CMBitMap*) 0x000001520b9697e0
 Prev Bits: [0x0000015224b90000, 0x0000015228b48000)
 Next Bits: [0x0000015228b50000, 0x000001522cb08000)

Polling page: 0x000001520b0e0000

Metaspace:

Usage:
  Non-class:     36.71 MB capacity,    35.85 MB ( 98%) used,   723.12 KB (  2%) free+waste,   159.75 KB ( <1%) overhead. 
      Class:      5.78 MB capacity,     5.21 MB ( 90%) used,   504.40 KB (  9%) free+waste,    79.63 KB (  1%) overhead. 
       Both:     42.49 MB capacity,    41.05 MB ( 97%) used,     1.20 MB (  3%) free+waste,   239.38 KB ( <1%) overhead. 

Virtual space:
  Non-class space:       40.00 MB reserved,      36.83 MB ( 92%) committed 
      Class space:        1.00 GB reserved,       5.88 MB ( <1%) committed 
             Both:        1.04 GB reserved,      42.70 MB (  4%) committed 

Chunk freelists:
   Non-Class:  58.00 KB
       Class:  3.00 KB
        Both:  61.00 KB

MaxMetaspaceSize: 17179869184.00 GB
CompressedClassSpaceSize: 1.00 GB
Initial GC threshold: 20.80 MB
Current GC threshold: 58.88 MB
CDS: off

CodeHeap 'non-profiled nmethods': size=238336Kb used=6168Kb max_used=6168Kb free=232167Kb
 bounds [0x00000152147a0000, 0x0000015214db0000, 0x0000015223060000]
CodeHeap 'non-nmethods': size=7424Kb used=1234Kb max_used=1234Kb free=6189Kb
 bounds [0x0000015214060000, 0x00000152142d0000, 0x00000152147a0000]
 total_blobs=4367 nmethods=3851 adapters=442
 compilation: enabled
              stopped_count=0, restarted_count=0
 full_count=0

Compilation events (20 events):
Event: 33.393 Thread 0x000001522ffb8000 nmethod 3842 0x0000015214da2190 code [0x0000015214da2400, 0x0000015214da2e78]
Event: 33.412 Thread 0x000001522ffb8000 3845       1       java.lang.Integer::formatUnsignedInt (44 bytes)
Event: 33.413 Thread 0x000001522ffb8000 nmethod 3845 0x0000015214da3590 code [0x0000015214da3740, 0x0000015214da3858]
Event: 33.413 Thread 0x000001522ffb8000 3843       1       java.lang.Integer::toHexString (6 bytes)
Event: 33.413 Thread 0x000001522ffb8000 nmethod 3843 0x0000015214da3990 code [0x0000015214da3b40, 0x0000015214da3c08]
Event: 33.413 Thread 0x000001522ffb8000 3844       1       java.lang.Integer::toUnsignedString0 (78 bytes)
Event: 33.414 Thread 0x000001522ffb8000 nmethod 3844 0x0000015214da3c90 code [0x0000015214da3e60, 0x0000015214da40f8]
Event: 36.579 Thread 0x000001522ffb8000 3846       1       java.util.HashMap::afterNodeRemoval (1 bytes)
Event: 36.579 Thread 0x000001522ffb8000 nmethod 3846 0x0000015214da4210 code [0x0000015214da43c0, 0x0000015214da4478]
Event: 38.753 Thread 0x000001522ffb8000 3847       1       java.lang.AbstractStringBuilder::setLength (66 bytes)
Event: 38.754 Thread 0x000001522ffb8000 nmethod 3847 0x0000015214da4510 code [0x0000015214da4700, 0x0000015214da49d8]
Event: 39.850 Thread 0x000001522ffb8000 3848       1       sun.net.util.URLUtil::urlNoFragString (114 bytes)
Event: 39.852 Thread 0x000001522ffb8000 nmethod 3848 0x0000015214da4c10 code [0x0000015214da4e80, 0x0000015214da53d8]
Event: 39.852 Thread 0x000001522ffb8000 3849       1       java.net.URL::getDefaultPort (8 bytes)
Event: 39.853 Thread 0x000001522ffb8000 nmethod 3849 0x0000015214da5710 code [0x0000015214da58c0, 0x0000015214da59a8]
Event: 39.853 Thread 0x000001522ffb8000 3850       1       java.util.Calendar::internalGet (7 bytes)
Event: 39.853 Thread 0x000001522ffb8000 nmethod 3850 0x0000015214da5a10 code [0x0000015214da5bc0, 0x0000015214da5cb8]
Event: 40.355 Thread 0x000001522ffb8000 3851       1       java.util.ResourceBundle$CacheKey::getName (5 bytes)
Event: 40.356 Thread 0x000001522ffb8000 nmethod 3851 0x0000015214da5d90 code [0x0000015214da5f40, 0x0000015214da5ff8]
Event: 43.287 Thread 0x000001522ffb8000 3852       1       java.lang.reflect.ProxyGenerator$ProxyMethod::generateMethod (733 bytes)

GC Heap History (10 events):
Event: 1.438 GC heap before
{Heap before GC invocations=0 (full 0):
 garbage-first heap   total 262144K, used 25600K [0x0000000701200000, 0x0000000800000000)
  region size 1024K, 24 young (24576K), 0 survivors (0K)
 Metaspace       used 14645K, capacity 15007K, committed 15104K, reserved 1062912K
  class space    used 1538K, capacity 1705K, committed 1792K, reserved 1048576K
}
Event: 1.445 GC heap after
{Heap after GC invocations=1 (full 0):
 garbage-first heap   total 262144K, used 7386K [0x0000000701200000, 0x0000000800000000)
  region size 1024K, 3 young (3072K), 3 survivors (3072K)
 Metaspace       used 14645K, capacity 15007K, committed 15104K, reserved 1062912K
  class space    used 1538K, capacity 1705K, committed 1792K, reserved 1048576K
}
Event: 3.220 GC heap before
{Heap before GC invocations=1 (full 0):
 garbage-first heap   total 262144K, used 27866K [0x0000000701200000, 0x0000000800000000)
  region size 1024K, 23 young (23552K), 3 survivors (3072K)
 Metaspace       used 18273K, capacity 18890K, committed 18944K, reserved 1067008K
  class space    used 2047K, capacity 2302K, committed 2304K, reserved 1048576K
}
Event: 3.224 GC heap after
{Heap after GC invocations=2 (full 0):
 garbage-first heap   total 262144K, used 8570K [0x0000000701200000, 0x0000000800000000)
  region size 1024K, 2 young (2048K), 2 survivors (2048K)
 Metaspace       used 18273K, capacity 18890K, committed 18944K, reserved 1067008K
  class space    used 2047K, capacity 2302K, committed 2304K, reserved 1048576K
}
Event: 3.406 GC heap before
{Heap before GC invocations=2 (full 0):
 garbage-first heap   total 262144K, used 22906K [0x0000000701200000, 0x0000000800000000)
  region size 1024K, 17 young (17408K), 2 survivors (2048K)
 Metaspace       used 20521K, capacity 21277K, committed 21552K, reserved 1069056K
  class space    used 2368K, capacity 2657K, committed 2688K, reserved 1048576K
}
Event: 3.409 GC heap after
{Heap after GC invocations=3 (full 0):
 garbage-first heap   total 262144K, used 9031K [0x0000000701200000, 0x0000000800000000)
  region size 1024K, 2 young (2048K), 2 survivors (2048K)
 Metaspace       used 20521K, capacity 21277K, committed 21552K, reserved 1069056K
  class space    used 2368K, capacity 2657K, committed 2688K, reserved 1048576K
}
Event: 7.569 GC heap before
{Heap before GC invocations=4 (full 0):
 garbage-first heap   total 262144K, used 94023K [0x0000000701200000, 0x0000000800000000)
  region size 1024K, 86 young (88064K), 2 survivors (2048K)
 Metaspace       used 28509K, capacity 29508K, committed 29744K, reserved 1075200K
  class space    used 3451K, capacity 3841K, committed 3968K, reserved 1048576K
}
Event: 7.579 GC heap after
{Heap after GC invocations=5 (full 0):
 garbage-first heap   total 262144K, used 12082K [0x0000000701200000, 0x0000000800000000)
  region size 1024K, 5 young (5120K), 5 survivors (5120K)
 Metaspace       used 28509K, capacity 29508K, committed 29744K, reserved 1075200K
  class space    used 3451K, capacity 3841K, committed 3968K, reserved 1048576K
}
Event: 15.078 GC heap before
{Heap before GC invocations=5 (full 0):
 garbage-first heap   total 262144K, used 70450K [0x0000000701200000, 0x0000000800000000)
  region size 1024K, 63 young (64512K), 5 survivors (5120K)
 Metaspace       used 34467K, capacity 35787K, committed 35920K, reserved 1081344K
  class space    used 4248K, capacity 4798K, committed 4864K, reserved 1048576K
}
Event: 15.089 GC heap after
{Heap after GC invocations=6 (full 0):
 garbage-first heap   total 262144K, used 15505K [0x0000000701200000, 0x0000000800000000)
  region size 1024K, 9 young (9216K), 9 survivors (9216K)
 Metaspace       used 34467K, capacity 35787K, committed 35920K, reserved 1081344K
  class space    used 4248K, capacity 4798K, committed 4864K, reserved 1048576K
}

Deoptimization events (2 events):
Event: 4.552 Thread 0x000001520b906000 DEOPT PACKING pc=0x0000015214aa80ac sp=0x0000000e314fdbd0
Event: 4.552 Thread 0x000001520b906000 DEOPT UNPACKING pc=0x00000152140aa95e sp=0x0000000e314fd138 mode 0

Classes redefined (0 events):
No events

Internal exceptions (20 events):
Event: 9.041 Thread 0x000001520b906000 Exception <a 'java/lang/ClassNotFoundException'{0x0000000710749cc0}: org/springframework/aop/framework/AopInfrastructureBeanCustomizer> (0x0000000710749cc0) thrown at [./src/hotspot/share/classfile/systemDictionary.cpp, line 230]
Event: 9.585 Thread 0x00000152308f9000 Exception <a 'java/lang/reflect/InvocationTargetException'{0x0000000710793c30}> (0x0000000710793c30) thrown at [./src/hotspot/share/runtime/reflection.cpp, line 1247]
Event: 10.102 Thread 0x00000152308f9000 Exception <a 'java/lang/reflect/InvocationTargetException'{0x00000007107ac370}> (0x00000007107ac370) thrown at [./src/hotspot/share/runtime/reflection.cpp, line 1247]
Event: 10.959 Thread 0x000001520b906000 Exception <a 'java/lang/ClassNotFoundException'{0x000000071047f848}: java/lang/ObjectCustomizer> (0x000000071047f848) thrown at [./src/hotspot/share/classfile/systemDictionary.cpp, line 230]
Event: 10.960 Thread 0x000001520b906000 Exception <a 'java/lang/ClassNotFoundException'{0x00000007104990c8}: org/springframework/transaction/annotation/AbstractTransactionManagementConfigurationCustomizer> (0x00000007104990c8) thrown at [./src/hotspot/share/classfile/systemDictionary.cpp, line 230]
Event: 10.960 Thread 0x000001520b906000 Exception <a 'java/lang/ClassNotFoundException'{0x00000007104b1300}: org/springframework/transaction/annotation/ProxyTransactionManagementConfigurationCustomizer> (0x00000007104b1300) thrown at [./src/hotspot/share/classfile/systemDictionary.cpp, line 230]
Event: 10.961 Thread 0x000001520b906000 Exception <a 'java/lang/ClassNotFoundException'{0x00000007104c6ba0}: org/springframework/context/annotation/ImportAwareCustomizer> (0x00000007104c6ba0) thrown at [./src/hotspot/share/classfile/systemDictionary.cpp, line 230]
Event: 10.961 Thread 0x000001520b906000 Exception <a 'java/lang/ClassNotFoundException'{0x00000007104d7db8}: org/springframework/beans/factory/AwareCustomizer> (0x00000007104d7db8) thrown at [./src/hotspot/share/classfile/systemDictionary.cpp, line 230]
Event: 14.499 Thread 0x000001520b906000 Exception <a 'java/lang/NoSuchMethodError'{0x000000070fc17f38}: 'int java.lang.invoke.DirectMethodHandle$Holder.invokeSpecial(java.lang.Object, java.lang.Object, java.lang.Object, java.lang.Object, java.lang.Object)'> (0x000000070fc17f38) thrown at [./src/hotspot/share/interpreter/linkResolver.cpp, line 773]
Event: 14.583 Thread 0x000001520b906000 Exception <a 'java/lang/NoSuchMethodError'{0x000000070f9398a0}: 'void java.lang.invoke.DelegatingMethodHandle$Holder.delegate(java.lang.Object, java.lang.Object, int, java.lang.Object)'> (0x000000070f9398a0) thrown at [./src/hotspot/share/interpreter/linkResolver.cpp, line 773]
Event: 14.604 Thread 0x000001520b906000 Exception <a 'java/lang/NoSuchMethodError'{0x000000070f86b4d0}: 'void java.lang.invoke.DirectMethodHandle$Holder.invokeInterface(java.lang.Object, java.lang.Object, int)'> (0x000000070f86b4d0) thrown at [./src/hotspot/share/interpreter/linkResolver.cpp, line 773]
Event: 14.606 Thread 0x000001520b906000 Exception <a 'java/lang/NoSuchMethodError'{0x000000070f883e60}: 'int java.lang.invoke.DirectMethodHandle$Holder.invokeVirtual(java.lang.Object, java.lang.Object)'> (0x000000070f883e60) thrown at [./src/hotspot/share/interpreter/linkResolver.cpp, line 773]
Event: 14.608 Thread 0x000001520b906000 Exception <a 'java/lang/IncompatibleClassChangeError'{0x000000070f8b9a40}: Found class java.lang.Object, but interface was expected> (0x000000070f8b9a40) thrown at [./src/hotspot/share/interpreter/linkResolver.cpp, line 839]
Event: 14.608 Thread 0x000001520b906000 Exception <a 'java/lang/NoSuchMethodError'{0x000000070f8bee78}: 'void java.lang.invoke.DirectMethodHandle$Holder.invokeStatic(java.lang.Object, int, java.lang.Object)'> (0x000000070f8bee78) thrown at [./src/hotspot/share/interpreter/linkResolver.cpp, line 773]
Event: 14.928 Thread 0x000001520b906000 Exception <a 'java/io/FileNotFoundException'{0x000000070e5fa050}> (0x000000070e5fa050) thrown at [./src/hotspot/share/prims/jni.cpp, line 617]
Event: 14.955 Thread 0x000001520b906000 Exception <a 'java/lang/NoSuchMethodError'{0x000000070e20ffa8}: 'int java.lang.invoke.DirectMethodHandle$Holder.invokeInterface(java.lang.Object, java.lang.Object, java.lang.Object, java.lang.Object)'> (0x000000070e20ffa8) thrown at [./src/hotspot/share/interpreter/linkResolver.cpp, line 773]
Event: 14.991 Thread 0x000001520b906000 Exception <a 'java/io/FileNotFoundException'{0x000000070e0fc7b0}> (0x000000070e0fc7b0) thrown at [./src/hotspot/share/prims/jni.cpp, line 617]
Event: 30.643 Thread 0x000001520b906000 Exception <a 'sun/nio/fs/WindowsException'{0x000000070ea7aa08}> (0x000000070ea7aa08) thrown at [./src/hotspot/share/prims/jni.cpp, line 617]
Event: 40.255 Thread 0x0000015232083000 Exception <a 'sun/net/ConnectionResetException'{0x000000070e316968}: > (0x000000070e316968) thrown at [./src/hotspot/share/prims/jni.cpp, line 638]
Event: 43.284 Thread 0x000001520b906000 Exception <a 'java/lang/NoSuchMethodError'{0x000000070e283218}: 'java.lang.Object java.lang.invoke.DirectMethodHandle$Holder.invokeStaticInit(java.lang.Object, java.lang.Object, java.lang.Object, java.lang.Object)'> (0x000000070e283218) thrown at [./src/hotspot/share/interpreter/linkResolver.cpp, line 773]

Events (20 events):
Event: 42.759 loading class org/hibernate/engine/jdbc/env/internal/QualifiedObjectNameFormatterStandardImpl$Format
Event: 42.759 loading class org/hibernate/engine/jdbc/env/internal/QualifiedObjectNameFormatterStandardImpl$Format done
Event: 42.760 loading class org/hibernate/engine/jdbc/env/internal/LobCreatorBuilderImpl
Event: 42.760 loading class org/hibernate/engine/jdbc/env/internal/LobCreatorBuilderImpl done
Event: 43.280 loading class org/hibernate/engine/jdbc/env/spi/LobCreatorBuilder
Event: 43.280 loading class org/hibernate/engine/jdbc/env/spi/LobCreatorBuilder done
Event: 43.281 loading class org/hibernate/internal/CoreMessageLogger_$logger_en_US
Event: 43.281 loading class org/hibernate/internal/CoreMessageLogger_$logger_en_US done
Event: 43.282 loading class org/hibernate/internal/CoreMessageLogger_$logger_en
Event: 43.282 loading class org/hibernate/internal/CoreMessageLogger_$logger_en done
Event: 43.282 loading class org/postgresql/util/DriverInfo
Event: 43.282 loading class org/postgresql/util/DriverInfo done
Event: 43.283 loading class com/zaxxer/hikari/pool/ProxyConnection$ClosedConnection
Event: 43.283 loading class com/zaxxer/hikari/pool/ProxyConnection$ClosedConnection done
Event: 43.291 loading class org/hibernate/engine/jdbc/spi/TypeInfo
Event: 43.291 loading class org/hibernate/engine/jdbc/spi/TypeInfo done
Event: 43.293 loading class org/hibernate/resource/beans/internal/ManagedBeanRegistryImpl
Event: 43.293 loading class org/hibernate/resource/beans/internal/ManagedBeanRegistryImpl done
Event: 43.294 loading class org/hibernate/resource/beans/container/spi/BeanContainer$LifecycleOptions
Event: 43.294 loading class org/hibernate/resource/beans/container/spi/BeanContainer$LifecycleOptions done


Dynamic libraries:
0x00007ff737e10000 - 0x00007ff737e1d000 	C:\Users\byte\.jdks\corretto-11.0.15\bin\java.exe
0x00007ffcb1f90000 - 0x00007ffcb2188000 	C:\Windows\SYSTEM32\ntdll.dll
0x00007ffcb0b50000 - 0x00007ffcb0c0d000 	C:\Windows\System32\KERNEL32.DLL
0x00007ffcaf880000 - 0x00007ffcafb4e000 	C:\Windows\System32\KERNELBASE.dll
0x00007ffcaf6e0000 - 0x00007ffcaf7e0000 	C:\Windows\System32\ucrtbase.dll
0x00007ffca5170000 - 0x00007ffca5187000 	C:\Users\byte\.jdks\corretto-11.0.15\bin\jli.dll
0x00007ffca4f40000 - 0x00007ffca4f59000 	C:\Users\byte\.jdks\corretto-11.0.15\bin\VCRUNTIME140.dll
0x00007ffcb0eb0000 - 0x00007ffcb1050000 	C:\Windows\System32\USER32.dll
0x00007ffcaf850000 - 0x00007ffcaf872000 	C:\Windows\System32\win32u.dll
0x00007ffca1280000 - 0x00007ffca151a000 	C:\Windows\WinSxS\amd64_microsoft.windows.common-controls_6595b64144ccf1df_6.0.19041.1110_none_60b5254171f9507e\COMCTL32.dll
0x00007ffcb0e20000 - 0x00007ffcb0e4a000 	C:\Windows\System32\GDI32.dll
0x00007ffcb0a10000 - 0x00007ffcb0aae000 	C:\Windows\System32\msvcrt.dll
0x00007ffcafcd0000 - 0x00007ffcafddb000 	C:\Windows\System32\gdi32full.dll
0x00007ffcafb50000 - 0x00007ffcafbed000 	C:\Windows\System32\msvcp_win.dll
0x00007ffcb16a0000 - 0x00007ffcb16d0000 	C:\Windows\System32\IMM32.DLL
0x00007ffc6d630000 - 0x00007ffc6d6cb000 	C:\Users\byte\.jdks\corretto-11.0.15\bin\msvcp140.dll
0x00007ffc39120000 - 0x00007ffc39ca3000 	C:\Users\byte\.jdks\corretto-11.0.15\bin\server\jvm.dll
0x00007ffcb0d70000 - 0x00007ffcb0e1e000 	C:\Windows\System32\ADVAPI32.dll
0x00007ffcb0ab0000 - 0x00007ffcb0b4c000 	C:\Windows\System32\sechost.dll
0x00007ffcb1880000 - 0x00007ffcb19a5000 	C:\Windows\System32\RPCRT4.dll
0x00007ffcb1b30000 - 0x00007ffcb1b38000 	C:\Windows\System32\PSAPI.DLL
0x00007ffc9bb70000 - 0x00007ffc9bb79000 	C:\Windows\SYSTEM32\WSOCK32.dll
0x00007ffcacfb0000 - 0x00007ffcacfd7000 	C:\Windows\SYSTEM32\WINMM.dll
0x00007ffcb1a30000 - 0x00007ffcb1a9b000 	C:\Windows\System32\WS2_32.dll
0x00007ffca7bb0000 - 0x00007ffca7bba000 	C:\Windows\SYSTEM32\VERSION.dll
0x00007ffcad5b0000 - 0x00007ffcad5c2000 	C:\Windows\SYSTEM32\kernel.appcore.dll
0x00007ffca4c60000 - 0x00007ffca4c70000 	C:\Users\byte\.jdks\corretto-11.0.15\bin\verify.dll
0x00007ffc9e500000 - 0x00007ffc9e6e4000 	C:\Windows\SYSTEM32\DBGHELP.DLL
0x00007ffc9fa00000 - 0x00007ffc9fa2c000 	C:\Windows\SYSTEM32\dbgcore.DLL
0x00007ffcafc40000 - 0x00007ffcafcc2000 	C:\Windows\System32\bcryptPrimitives.dll
0x00007ffca1250000 - 0x00007ffca1278000 	C:\Users\byte\.jdks\corretto-11.0.15\bin\java.dll
0x00007ffca4c50000 - 0x00007ffca4c5a000 	C:\Users\byte\.jdks\corretto-11.0.15\bin\jimage.dll
0x00007ffca1000000 - 0x00007ffca100e000 	C:\Users\byte\.jdks\corretto-11.0.15\bin\instrument.dll
0x00007ffca1230000 - 0x00007ffca1248000 	C:\Users\byte\.jdks\corretto-11.0.15\bin\zip.dll
0x00007ffcb02c0000 - 0x00007ffcb0a04000 	C:\Windows\System32\SHELL32.dll
0x00007ffcad7b0000 - 0x00007ffcadf44000 	C:\Windows\SYSTEM32\windows.storage.dll
0x00007ffcb1b40000 - 0x00007ffcb1e94000 	C:\Windows\System32\combase.dll
0x00007ffcaf110000 - 0x00007ffcaf140000 	C:\Windows\SYSTEM32\Wldp.dll
0x00007ffcb1ea0000 - 0x00007ffcb1f4d000 	C:\Windows\System32\SHCORE.dll
0x00007ffcb0c30000 - 0x00007ffcb0c85000 	C:\Windows\System32\shlwapi.dll
0x00007ffcaf5f0000 - 0x00007ffcaf60f000 	C:\Windows\SYSTEM32\profapi.dll
0x00007ffc95610000 - 0x00007ffc95629000 	C:\Users\byte\.jdks\corretto-11.0.15\bin\net.dll
0x00007ffca9930000 - 0x00007ffca9a3a000 	C:\Windows\SYSTEM32\WINHTTP.dll
0x00007ffcaee70000 - 0x00007ffcaeeda000 	C:\Windows\system32\mswsock.dll
0x00007ffc955f0000 - 0x00007ffc95603000 	C:\Users\byte\.jdks\corretto-11.0.15\bin\nio.dll
0x00007ffc8c4e0000 - 0x00007ffc8c4fa000 	C:\Users\byte\Downloads\ideaIU-2022.1.1.win\bin\breakgen64.dll
0x00007ffcaeb60000 - 0x00007ffcaec2a000 	C:\Windows\SYSTEM32\DNSAPI.dll
0x00007ffcaeb10000 - 0x00007ffcaeb4b000 	C:\Windows\SYSTEM32\IPHLPAPI.DLL
0x00007ffcb02b0000 - 0x00007ffcb02b8000 	C:\Windows\System32\NSI.dll
0x00007ffca1c30000 - 0x00007ffca1c3a000 	C:\Windows\System32\rasadhlp.dll
0x00007ffca1da0000 - 0x00007ffca1e20000 	C:\Windows\System32\fwpuclnt.dll
0x00007ffcaf6b0000 - 0x00007ffcaf6d7000 	C:\Windows\System32\bcrypt.dll
0x00007ffca4c70000 - 0x00007ffca4c79000 	C:\Users\byte\.jdks\corretto-11.0.15\bin\management.dll
0x00007ffca0b00000 - 0x00007ffca0b0b000 	C:\Users\byte\.jdks\corretto-11.0.15\bin\management_ext.dll
0x00007ffcaf060000 - 0x00007ffcaf078000 	C:\Windows\SYSTEM32\CRYPTSP.dll
0x00007ffcae780000 - 0x00007ffcae7b4000 	C:\Windows\system32\rsaenh.dll
0x00007ffcaf5b0000 - 0x00007ffcaf5de000 	C:\Windows\SYSTEM32\USERENV.dll
0x00007ffcaf080000 - 0x00007ffcaf08c000 	C:\Windows\SYSTEM32\CRYPTBASE.dll
0x00007ffca8950000 - 0x00007ffca8967000 	C:\Windows\SYSTEM32\dhcpcsvc6.DLL
0x00007ffca94f0000 - 0x00007ffca950d000 	C:\Windows\SYSTEM32\dhcpcsvc.DLL
0x00007ffc973e0000 - 0x00007ffc973f7000 	C:\Windows\system32\napinsp.dll
0x00007ffc973c0000 - 0x00007ffc973db000 	C:\Windows\system32\pnrpnsp.dll
0x00007ffc97520000 - 0x00007ffc97535000 	C:\Windows\system32\wshbth.dll
0x00007ffcab090000 - 0x00007ffcab0ad000 	C:\Windows\system32\NLAapi.dll
0x00007ffc97500000 - 0x00007ffc97512000 	C:\Windows\System32\winrnr.dll
0x00007ffc8b4d0000 - 0x00007ffc8b4de000 	C:\Users\byte\.jdks\corretto-11.0.15\bin\sunmscapi.dll
0x00007ffcafde0000 - 0x00007ffcaff36000 	C:\Windows\System32\CRYPT32.dll
0x00007ffcaf180000 - 0x00007ffcaf1a7000 	C:\Windows\SYSTEM32\ncrypt.dll
0x00007ffcaf140000 - 0x00007ffcaf17b000 	C:\Windows\SYSTEM32\NTASN1.dll
0x00007ffc6d5c0000 - 0x00007ffc6d5e5000 	C:\Users\byte\.jdks\corretto-11.0.15\bin\sunec.dll

dbghelp: loaded successfully - version: 4.0.5 - missing functions: none
symbol engine: initialized successfully - sym options: 0x614 - pdb path: .;C:\Users\byte\.jdks\corretto-11.0.15\bin;C:\Windows\SYSTEM32;C:\Windows\WinSxS\amd64_microsoft.windows.common-controls_6595b64144ccf1df_6.0.19041.1110_none_60b5254171f9507e;C:\Users\byte\.jdks\corretto-11.0.15\bin\server;C:\Users\byte\Downloads\ideaIU-2022.1.1.win\bin

VM Arguments:
jvm_args: -XX:TieredStopAtLevel=1 -Xverify:none -Dspring.output.ansi.enabled=always -Dcom.sun.management.jmxremote -Dspring.jmx.enabled=true -Dspring.liveBeansView.mbeanDomain -Dspring.application.admin.enabled=true -javaagent:C:\Users\byte\Downloads\ideaIU-2022.1.1.win\lib\idea_rt.jar=58314:C:\Users\byte\Downloads\ideaIU-2022.1.1.win\bin -Dfile.encoding=UTF-8 
java_command: com.example.hexagonuserarch.HexagonUserArchApplication
java_class_path (initial): C:\Users\byte\Desktop\hexagonUserArch\target\classes;C:\Users\byte\.m2\repository\org\springframework\boot\spring-boot-starter-data-jpa\2.7.3\spring-boot-starter-data-jpa-2.7.3.jar;C:\Users\byte\.m2\repository\org\springframework\boot\spring-boot-starter-aop\2.7.3\spring-boot-starter-aop-2.7.3.jar;C:\Users\byte\.m2\repository\org\springframework\spring-aop\5.3.22\spring-aop-5.3.22.jar;C:\Users\byte\.m2\repository\org\aspectj\aspectjweaver\1.9.7\aspectjweaver-1.9.7.jar;C:\Users\byte\.m2\repository\org\springframework\boot\spring-boot-starter-jdbc\2.7.3\spring-boot-starter-jdbc-2.7.3.jar;C:\Users\byte\.m2\repository\com\zaxxer\HikariCP\4.0.3\HikariCP-4.0.3.jar;C:\Users\byte\.m2\repository\org\springframework\spring-jdbc\5.3.22\spring-jdbc-5.3.22.jar;C:\Users\byte\.m2\repository\jakarta\transaction\jakarta.transaction-api\1.3.3\jakarta.transaction-api-1.3.3.jar;C:\Users\byte\.m2\repository\jakarta\persistence\jakarta.persistence-api\2.2.3\jakarta.persistence-api-2.2.3.jar;C:\Users\byte\.m2\repository\org\hibernate\hibernate-core\5.6.10.Final\hibernate-core-5.6.10.Final.jar;C:\Users\byte\.m2\repository\org\jboss\logging\jboss-logging\3.4.3.Final\jboss-logging-3.4.3.Final.jar;C:\Users\byte\.m2\repository\net\bytebuddy\byte-buddy\1.12.13\byte-buddy-1.12.13.jar;C:\Users\byte\.m2\repository\antlr\antlr\2.7.7\antlr-2.7.7.jar;C:\Users\byte\.m2\repository\org\jboss\jandex\2.4.2.Final\jandex-2.4.2.Final.jar;C:\Users\byte\.m2\repository\com\fasterxml\classmate\1.5.1\classmate-1.5.1.jar;C:\Users\byte\.m2\repository\org\hibernate\common\hibernate-commons-annotations\5.1.2.Final\hibernate-commons-annotations-5.1.2.Final.jar;C:\Users\byte\.m2\repository\org\glassfish\jaxb\jaxb-runtime\2.3.6\jaxb-runtime-2.3.6.jar;C:\Users\byte\.m2\repository\org\glassfish\jaxb\txw2\2.3.6\txw2-2.3.6.jar;C:\Users\byte\.m2\repository\com\sun\istack\istack-commons-runtime\3.0.12\istack-commons-runtime-3.0.12.jar;C:\Users\byte\.m2\repository\com\sun\activation\jakarta.activat
Launcher Type: SUN_STANDARD

[Global flags]
     bool BytecodeVerificationLocal                = false                                     {product} {command line}
     bool BytecodeVerificationRemote               = false                                     {product} {command line}
     intx CICompilerCount                          = 4                                         {product} {ergonomic}
     uint ConcGCThreads                            = 2                                         {product} {ergonomic}
     uint G1ConcRefinementThreads                  = 8                                         {product} {ergonomic}
   size_t G1HeapRegionSize                         = 1048576                                   {product} {ergonomic}
    uintx GCDrainStackTargetSize                   = 64                                        {product} {ergonomic}
   size_t InitialHeapSize                          = 268435456                                 {product} {ergonomic}
     bool ManagementServer                         = true                                      {product} {command line}
   size_t MarkStackSize                            = 4194304                                   {product} {ergonomic}
   size_t MaxHeapSize                              = 4276092928                                {product} {ergonomic}
   size_t MaxNewSize                               = 2564816896                                {product} {ergonomic}
   size_t MinHeapDeltaBytes                        = 1048576                                   {product} {ergonomic}
    uintx NonNMethodCodeHeapSize                   = 7549744                                {pd product} {ergonomic}
    uintx NonProfiledCodeHeapSize                  = 244108496                              {pd product} {ergonomic}
    uintx ProfiledCodeHeapSize                     = 0                                      {pd product} {ergonomic}
    uintx ReservedCodeCacheSize                    = 251658240                              {pd product} {ergonomic}
     bool SegmentedCodeCache                       = true                                      {product} {ergonomic}
     intx TieredStopAtLevel                        = 1                                         {product} {command line}
     bool UseCompressedClassPointers               = true                                 {lp64_product} {ergonomic}
     bool UseCompressedOops                        = true                                 {lp64_product} {ergonomic}
     bool UseG1GC                                  = true                                      {product} {ergonomic}
     bool UseLargePagesIndividualAllocation        = false                                  {pd product} {ergonomic}

Logging:
Log output configuration:
 #0: stdout all=warning uptime,level,tags
 #1: stderr all=off uptime,level,tags

Environment Variables:
JAVA_HOME=C:\Users\byte\Downloads\jdk-11.0.14_windows-x64_bin\jdk-11.0.14
PATH=C:\Python310\Scripts\;C:\Python310\;C:\Windows\system32;C:\Windows;C:\Windows\System32\Wbem;C:\Windows\System32\WindowsPowerShell\v1.0\;C:\Windows\System32\OpenSSH\;C:\Program Files\Microsoft SQL Server\120\Tools\Binn\;C:\Program Files\Common Files\Autodesk Shared\;C:\Program Files\nodejs\;C:\ProgramData\chocolatey\bin;C:\Program Files\MySQL\MySQL Shell 8.0\bin\;C:\Users\byte\AppData\Local\Microsoft\WindowsApps;C:\Users\byte\AppData\Local\GitHubDesktop\bin;C:\Users\byte\AppData\Roaming\npm;C:\Users\byte\AppData\Local\Programs\Microsoft VS Code\bin;C:\Users\byte\Downloads\jdk-11.0.14_windows-x64_bin\jdk-11.0.14\bin;
USERNAME=byte
OS=Windows_NT
PROCESSOR_IDENTIFIER=Intel64 Family 6 Model 158 Stepping 9, GenuineIntel



---------------  S Y S T E M  ---------------

OS: Windows 10 , 64 bit Build 19041 (10.0.19041.1889)
OS uptime: 2 days 3:35 hours

CPU:total 8 (initial active 8) (4 cores per cpu, 2 threads per core) family 6 model 158 stepping 9 microcode 0xb4, cmov, cx8, fxsr, mmx, sse, sse2, sse3, ssse3, sse4.1, sse4.2, popcnt, avx, avx2, aes, clmul, erms, 3dnowpref, lzcnt, ht, tsc, tscinvbit, bmi1, bmi2, adx, fma

Memory: 4k page, system-wide physical 16304M (1275M free)
TotalPageFile size 26012M (AvailPageFile size 28M)
current process WorkingSet (physical memory assigned to process): 198M, peak: 198M
current process commit charge ("private bytes"): 399M, peak: 399M

vm_info: OpenJDK 64-Bit Server VM (11.0.15+9-LTS) for windows-amd64 JRE (11.0.15+9-LTS), built on Apr 15 2022 22:20:31 by "Administrator" with unknown MS VC++:1916

END.
